<?xml version="1.0" encoding="UTF-8"?>
<!-- Generated by org.testng.reporters.JUnitXMLReporter -->
<testsuite ignored="14" hostname="LMCTag008" failures="2" tests="10" name="Test_All" time="343.083" errors="0" timestamp="2022-03-21T23:11:04 PDT">
  <testcase classname="com.mystore.testcases.LoginPageTest" name="loginTest" time="33.102"/>
  <testcase classname="com.mystore.testcases.EndToEndTest" name="endToEndTest" time="110.369"/>
  <testcase classname="com.mystore.testcases.AccountCreationPageTest" name="verifyCreateAccountPageTest" time="4.685"/>
  <testcase classname="com.mystore.testcases.IndexPageTest" name="verifyLogo" time="0.078"/>
  <testcase classname="com.mystore.testcases.IndexPageTest" name="verifyTitle" time="0.008"/>
  <testcase classname="com.mystore.testcases.HomepageTest" name="orderHisstoryandDetailsTest" time="8.457"/>
  <testcase classname="com.mystore.testcases.HomepageTest" name="wishListTest" time="16.682"/>
  <testcase classname="com.mystore.testcases.OrderPageTest" name="verifyTotalPrice" time="21.297">
    <failure type="org.openqa.selenium.NoSuchElementException" message="no such element: Unable to locate element: {&amp;quot;method&amp;quot;:&amp;quot;xpath&amp;quot;,&amp;quot;selector&amp;quot;:&amp;quot;//td[@class=&amp;apos;cart_unit&amp;apos;]/span/span&amp;quot;}
  (Session info: chrome=99.0.4844.74)
For documentation on this error, please visit: https://www.seleniumhq.org/exceptions/no_such_element.html
Build info: version: &amp;apos;3.141.59&amp;apos;, revision: &amp;apos;e82be7d358&amp;apos;, time: &amp;apos;2018-11-14T08:17:03&amp;apos;
System info: host: &amp;apos;LMCTAG008&amp;apos;, ip: &amp;apos;192.168.40.174&amp;apos;, os.name: &amp;apos;Windows 10&amp;apos;, os.arch: &amp;apos;amd64&amp;apos;, os.version: &amp;apos;10.0&amp;apos;, java.version: &amp;apos;17.0.2&amp;apos;
Driver info: org.openqa.selenium.chrome.ChromeDriver
Capabilities {acceptInsecureCerts: false, browserName: chrome, browserVersion: 99.0.4844.74, chrome: {chromedriverVersion: 99.0.4844.51 (d537ec02474b5..., userDataDir: C:\Users\karna\AppData\Loca...}, goog:chromeOptions: {debuggerAddress: localhost:63295}, javascriptEnabled: true, networkConnectionEnabled: false, pageLoadStrategy: normal, platform: WINDOWS, platformName: WINDOWS, proxy: Proxy(), setWindowRect: true, strictFileInteractability: false, timeouts: {implicit: 0, pageLoad: 300000, script: 30000}, unhandledPromptBehavior: dismiss and notify, webauthn:extension:credBlob: true, webauthn:extension:largeBlob: true, webauthn:virtualAuthenticators: true}
Session ID: 1330763f83f753fd71a9435771877308
*** Element info: {Using=xpath, value=//td[@class=&amp;apos;cart_unit&amp;apos;]/span/span}">
      <![CDATA[org.openqa.selenium.NoSuchElementException: no such element: Unable to locate element: {"method":"xpath","selector":"//td[@class='cart_unit']/span/span"}
  (Session info: chrome=99.0.4844.74)
For documentation on this error, please visit: https://www.seleniumhq.org/exceptions/no_such_element.html
Build info: version: '3.141.59', revision: 'e82be7d358', time: '2018-11-14T08:17:03'
System info: host: 'LMCTAG008', ip: '192.168.40.174', os.name: 'Windows 10', os.arch: 'amd64', os.version: '10.0', java.version: '17.0.2'
Driver info: org.openqa.selenium.chrome.ChromeDriver
Capabilities {acceptInsecureCerts: false, browserName: chrome, browserVersion: 99.0.4844.74, chrome: {chromedriverVersion: 99.0.4844.51 (d537ec02474b5..., userDataDir: C:\Users\karna\AppData\Loca...}, goog:chromeOptions: {debuggerAddress: localhost:63295}, javascriptEnabled: true, networkConnectionEnabled: false, pageLoadStrategy: normal, platform: WINDOWS, platformName: WINDOWS, proxy: Proxy(), setWindowRect: true, strictFileInteractability: false, timeouts: {implicit: 0, pageLoad: 300000, script: 30000}, unhandledPromptBehavior: dismiss and notify, webauthn:extension:credBlob: true, webauthn:extension:largeBlob: true, webauthn:virtualAuthenticators: true}
Session ID: 1330763f83f753fd71a9435771877308
*** Element info: {Using=xpath, value=//td[@class='cart_unit']/span/span}
at org.openqa.selenium.remote.http.W3CHttpResponseCodec.createException(W3CHttpResponseCodec.java:187)
at org.openqa.selenium.remote.http.W3CHttpResponseCodec.decode(W3CHttpResponseCodec.java:122)
at org.openqa.selenium.remote.http.W3CHttpResponseCodec.decode(W3CHttpResponseCodec.java:49)
at org.openqa.selenium.remote.HttpCommandExecutor.execute(HttpCommandExecutor.java:158)
at org.openqa.selenium.remote.service.DriverCommandExecutor.execute(DriverCommandExecutor.java:83)
at org.openqa.selenium.remote.RemoteWebDriver.execute(RemoteWebDriver.java:552)
at org.openqa.selenium.remote.RemoteWebDriver.findElement(RemoteWebDriver.java:323)
at org.openqa.selenium.remote.RemoteWebDriver.findElementByXPath(RemoteWebDriver.java:428)
at org.openqa.selenium.By$ByXPath.findElement(By.java:353)
at org.openqa.selenium.remote.RemoteWebDriver.findElement(RemoteWebDriver.java:315)
at org.openqa.selenium.support.pagefactory.DefaultElementLocator.findElement(DefaultElementLocator.java:69)
at org.openqa.selenium.support.pagefactory.internal.LocatingElementHandler.invoke(LocatingElementHandler.java:38)
at jdk.proxy2/jdk.proxy2.$Proxy17.getText(Unknown Source)
at com.mystore.pageobjects.OrderPage.getUnitPrice(OrderPage.java:30)
at com.mystore.testcases.OrderPageTest.verifyTotalPrice(OrderPageTest.java:42)
at java.base/java.util.ArrayList.forEach(ArrayList.java:1511)
... Removed 32 stack frames]]>
    </failure>
  </testcase> <!-- verifyTotalPrice -->
  <testcase classname="com.mystore.testcases.AddToCartPageTest" name="addToCartTest" time="19.439"/>
  <testcase classname="com.mystore.testcases.SearchresultPageTest" name="productAvailabilityTest" time="5.373">
    <failure type="java.lang.NullPointerException" message="Cannot invoke &amp;quot;com.mystore.pageobjects.SearchResultPage.isProductAvailable()&amp;quot; because &amp;quot;this.searchResultPage&amp;quot; is null">
      <![CDATA[java.lang.NullPointerException: Cannot invoke "com.mystore.pageobjects.SearchResultPage.isProductAvailable()" because "this.searchResultPage" is null
at com.mystore.testcases.SearchresultPageTest.productAvailabilityTest(SearchresultPageTest.java:31)
at java.base/java.util.ArrayList.forEach(ArrayList.java:1511)
... Removed 27 stack frames]]>
    </failure>
  </testcase> <!-- productAvailabilityTest -->
  <testcase classname="com.mystore.base.BaseClass" name="@BeforeSuite loadConfigure" time="0.0">
    <ignored/>
  </testcase> <!-- @BeforeSuite loadConfigure -->
  <testcase classname="com.mystore.base.BaseClass" name="@BeforeSuite loadConfigure" time="0.0">
    <ignored/>
  </testcase> <!-- @BeforeSuite loadConfigure -->
  <testcase classname="com.mystore.base.BaseClass" name="@BeforeSuite loadConfigure" time="0.0">
    <ignored/>
  </testcase> <!-- @BeforeSuite loadConfigure -->
  <testcase classname="com.mystore.base.BaseClass" name="@BeforeSuite loadConfigure" time="0.0">
    <ignored/>
  </testcase> <!-- @BeforeSuite loadConfigure -->
  <testcase classname="com.mystore.base.BaseClass" name="@BeforeSuite loadConfigure" time="0.0">
    <ignored/>
  </testcase> <!-- @BeforeSuite loadConfigure -->
  <testcase classname="com.mystore.base.BaseClass" name="@BeforeSuite loadConfigure" time="0.0">
    <ignored/>
  </testcase> <!-- @BeforeSuite loadConfigure -->
  <testcase classname="com.mystore.base.BaseClass" name="@BeforeSuite loadConfigure" time="0.0">
    <ignored/>
  </testcase> <!-- @BeforeSuite loadConfigure -->
  <testcase classname="com.mystore.base.BaseClass" name="@AfterSuite aftersuite" time="0.0">
    <ignored/>
  </testcase> <!-- @AfterSuite aftersuite -->
  <testcase classname="com.mystore.base.BaseClass" name="@AfterSuite aftersuite" time="0.0">
    <ignored/>
  </testcase> <!-- @AfterSuite aftersuite -->
  <testcase classname="com.mystore.base.BaseClass" name="@AfterSuite aftersuite" time="0.0">
    <ignored/>
  </testcase> <!-- @AfterSuite aftersuite -->
  <testcase classname="com.mystore.base.BaseClass" name="@AfterSuite aftersuite" time="0.0">
    <ignored/>
  </testcase> <!-- @AfterSuite aftersuite -->
  <testcase classname="com.mystore.base.BaseClass" name="@AfterSuite aftersuite" time="0.0">
    <ignored/>
  </testcase> <!-- @AfterSuite aftersuite -->
  <testcase classname="com.mystore.base.BaseClass" name="@AfterSuite aftersuite" time="0.0">
    <ignored/>
  </testcase> <!-- @AfterSuite aftersuite -->
  <testcase classname="com.mystore.base.BaseClass" name="@AfterSuite aftersuite" time="0.0">
    <ignored/>
  </testcase> <!-- @AfterSuite aftersuite -->
</testsuite> <!-- Test_All -->
